      TimePoint  UniqueCode  PM2.5   PM10   CO   NO2   SO2    O3
0    2023013101   510300103  115.0  156.0  1.0  54.0   6.0  16.0
1    2023013102   510300103  121.0  164.0  1.0  51.0   7.0  27.0
2    2023013103   510300103  121.0  167.0  1.0  43.0   8.0  28.0
3    2023013104   510300103  121.0  166.0  1.0  27.0   9.0  27.0
4    2023013105   510300103  119.0  165.0  1.0  27.0  10.0  27.0
..          ...         ...    ...    ...  ...   ...   ...   ...
235  2023020920   510300103  116.0  166.0  1.0  25.0  11.0  57.0
236  2023020921   510300103  116.0  166.0  1.0  32.0  11.0  57.0
237  2023020922   510300103  116.0  166.0  1.0  28.0  11.0  57.0
238  2023020923   510300103  116.0  166.0  1.0  34.0  11.0  57.0
239  2023021000   510300103  116.0  166.0  1.0  22.0  11.0  57.0

[240 rows x 8 columns]
单个城市的预测时间：74.81961727142334s
      TimePoint  UniqueCode  PM2.5   PM10   CO   NO2   SO2    O3
0    2023013101   510300104   99.0  150.0  1.0  24.0  13.0  65.0
1    2023013102   510300104  100.0  156.0  1.0  27.0  13.0  53.0
2    2023013103   510300104  105.0  164.0  1.0  28.0  13.0  52.0
3    2023013104   510300104  105.0  167.0  1.0  32.0  13.0  58.0
4    2023013105   510300104  105.0  167.0  1.0  26.0  13.0  57.0
..          ...         ...    ...    ...  ...   ...   ...   ...
235  2023020920   510300104  116.0  166.0  1.0  25.0  11.0  57.0
236  2023020921   510300104  116.0  166.0  1.0  32.0  11.0  57.0
237  2023020922   510300104  116.0  166.0  1.0  28.0  11.0  57.0
238  2023020923   510300104  116.0  166.0  1.0  34.0  11.0  57.0
239  2023021000   510300104  116.0  166.0  1.0  22.0  11.0  57.0

[240 rows x 8 columns]
单个城市的预测时间：80.12383532524109s
      TimePoint  UniqueCode  PM2.5   PM10   CO   NO2   SO2    O3
0    2023013101   510300053  118.0  142.0  1.0  57.0   8.0  17.0
1    2023013102   510300053  118.0  150.0  1.0  51.0   9.0  27.0
2    2023013103   510300053  119.0  155.0  1.0  39.0  10.0  27.0
3    2023013104   510300053  121.0  160.0  1.0  22.0  10.0  27.0
4    2023013105   510300053  121.0  164.0  1.0  25.0  10.0  27.0
..          ...         ...    ...    ...  ...   ...   ...   ...
235  2023020920   510300053  116.0  166.0  1.0  25.0  11.0  56.0
236  2023020921   510300053  116.0  166.0  1.0  32.0  11.0  56.0
237  2023020922   510300053  116.0  166.0  1.0  28.0  11.0  56.0
238  2023020923   510300053  116.0  166.0  1.0  34.0  11.0  56.0
239  2023021000   510300053  116.0  166.0  1.0  22.0  11.0  56.0

[240 rows x 8 columns]
单个城市的预测时间：81.11504101753235s
      TimePoint  UniqueCode  PM2.5   PM10   CO   NO2   SO2    O3
0    2023013101   510300106  104.0  142.0  1.0  57.0   9.0  31.0
1    2023013102   510300106  104.0  150.0  1.0  51.0  10.0  31.0
2    2023013103   510300106  107.0  155.0  1.0  39.0  11.0  28.0
3    2023013104   510300106  115.0  156.0  1.0  22.0  11.0  27.0
4    2023013105   510300106  121.0  161.0  1.0  25.0  11.0  28.0
..          ...         ...    ...    ...  ...   ...   ...   ...
235  2023020920   510300106  116.0  166.0  1.0  25.0  11.0  56.0
236  2023020921   510300106  116.0  166.0  1.0  32.0  11.0  56.0
237  2023020922   510300106  116.0  166.0  1.0  28.0  11.0  56.0
238  2023020923   510300106  116.0  165.0  1.0  34.0  11.0  56.0
239  2023021000   510300106  116.0  165.0  1.0  22.0  11.0  56.0

[240 rows x 8 columns]
单个城市的预测时间：83.90019202232361s
花费时间：322.42611265182495s
